ParseStarterProject/build/outputs/mapping/release/seeds.txt
com.parse.starter.BuildConfig
com.parse.starter.BuildConfig: boolean DEBUG
com.parse.starter.BuildConfig: java.lang.String APPLICATION_ID
com.parse.starter.BuildConfig: java.lang.String BUILD_TYPE
com.parse.starter.BuildConfig: java.lang.String FLAVOR
com.parse.starter.BuildConfig: int VERSION_CODE
com.parse.starter.BuildConfig: java.lang.String VERSION_NAME
com.parse.starter.BuildConfig: BuildConfig()
com.parse.starter.DriverLocationActivity
com.parse.starter.DriverLocationActivity: com.google.android.gms.maps.GoogleMap mMap
com.parse.starter.DriverLocationActivity: android.content.Intent intent
com.parse.starter.DriverLocationActivity: DriverLocationActivity()
com.parse.starter.DriverLocationActivity: void acceptRequest(android.view.View)
com.parse.starter.DriverLocationActivity: void onCreate(android.os.Bundle)
com.parse.starter.DriverLocationActivity: void onMapReady(com.google.android.gms.maps.GoogleMap)
com.parse.starter.DriverLocationActivity: com.google.android.gms.maps.GoogleMap access$000(com.parse.starter.DriverLocationActivity)
com.parse.starter.DriverLocationActivity$1
com.parse.starter.DriverLocationActivity$1: com.parse.starter.DriverLocationActivity this$0
com.parse.starter.DriverLocationActivity$1: DriverLocationActivity$1(com.parse.starter.DriverLocationActivity)
com.parse.starter.DriverLocationActivity$1: void done(java.util.List,com.parse.ParseException)
com.parse.starter.DriverLocationActivity$1: void done(java.lang.Object,java.lang.Throwable)
com.parse.starter.DriverLocationActivity$1$1
com.parse.starter.DriverLocationActivity$1$1: com.parse.starter.DriverLocationActivity$1 this$1
com.parse.starter.DriverLocationActivity$1$1: DriverLocationActivity$1$1(com.parse.starter.DriverLocationActivity$1)
com.parse.starter.DriverLocationActivity$1$1: void done(com.parse.ParseException)
com.parse.starter.DriverLocationActivity$1$1: void done(java.lang.Throwable)
com.parse.starter.DriverLocationActivity$2
com.parse.starter.DriverLocationActivity$2: com.parse.starter.DriverLocationActivity this$0
com.parse.starter.DriverLocationActivity$2: DriverLocationActivity$2(com.parse.starter.DriverLocationActivity)
com.parse.starter.DriverLocationActivity$2: void onGlobalLayout()
com.parse.starter.MainActivity
com.parse.starter.MainActivity: MainActivity()
com.parse.starter.MainActivity: void redirectActivity()
com.parse.starter.MainActivity: void getStarted(android.view.View)
com.parse.starter.MainActivity: void onCreate(android.os.Bundle)
com.parse.starter.MainActivity$1
com.parse.starter.MainActivity$1: com.parse.starter.MainActivity this$0
com.parse.starter.MainActivity$1: MainActivity$1(com.parse.starter.MainActivity)
com.parse.starter.MainActivity$1: void done(com.parse.ParseException)
com.parse.starter.MainActivity$1: void done(java.lang.Throwable)
com.parse.starter.MainActivity$2
com.parse.starter.MainActivity$2: com.parse.starter.MainActivity this$0
com.parse.starter.MainActivity$2: MainActivity$2(com.parse.starter.MainActivity)
com.parse.starter.MainActivity$2: void done(com.parse.ParseUser,com.parse.ParseException)
com.parse.starter.MainActivity$2: void done(java.lang.Object,java.lang.Throwable)
com.parse.starter.Manifest
com.parse.starter.Manifest: Manifest()
com.parse.starter.Manifest$permission
com.parse.starter.Manifest$permission: java.lang.String C2D_MESSAGE
com.parse.starter.Manifest$permission: Manifest$permission()
com.parse.starter.R
com.parse.starter.R: R()
com.parse.starter.R$anim
com.parse.starter.R$anim: int abc_fade_in
com.parse.starter.R$anim: int abc_fade_out
com.parse.starter.R$anim: int abc_grow_fade_in_from_bottom
com.parse.starter.R$anim: int abc_popup_enter
com.parse.starter.R$anim: int abc_popup_exit
com.parse.starter.R$anim: int abc_shrink_fade_out_from_bottom
com.parse.starter.R$anim: int abc_slide_in_bottom
com.parse.starter.R$anim: int abc_slide_in_top
com.parse.starter.R$anim: int abc_slide_out_bottom
com.parse.starter.R$anim: int abc_slide_out_top
com.parse.starter.R$anim: R$anim()
...
com.google.android.gms.fitness.request.UnsubscribeRequest
com.google.android.gms.fitness.request.UnsubscribeRequest: android.os.Parcelable$Creator CREATOR
com.google.android.gms.fitness.result.BleDevicesResult
com.google.android.gms.fitness.result.BleDevicesResult: android.os.Parcelable$Creator CREATOR
com.google.android.gms.fitness.result.DailyTotalResult
com.google.android.gms.fitness.result.DailyTotalResult: android.os.Parcelable$Creator CREATOR
com.google.android.gms.fitness.result.DataReadResult
com.google.android.gms.fitness.result.DataReadResult: android.os.Parcelable$Creator CREATOR
com.google.android.gms.fitness.result.DataSourceStatsResult
com.google.android.gms.fitness.result.DataSourceStatsResult: android.os.Parcelable$Creator CREATOR
com.google.android.gms.fitness.result.DataSourcesResult
com.google.android.gms.fitness.result.DataSourcesResult: android.os.Parcelable$Creator CREATOR
com.google.android.gms.fitness.result.DataStatsResult
com.google.android.gms.fitness.result.DataStatsResult: android.os.Parcelable$Creator CREATOR
com.google.android.gms.fitness.result.DataTypeResult
com.google.android.gms.fitness.result.DataTypeResult: android.os.Parcelable$Creator CREATOR
com.google.android.gms.fitness.result.ListSubscriptionsResult
com.google.android.gms.fitness.result.ListSubscriptionsResult: android.os.Parcelable$Creator CREATOR
com.google.android.gms.fitness.result.ReadRawResult
com.google.android.gms.fitness.result.ReadRawResult: android.os.Parcelable$Creator CREATOR
com.google.android.gms.fitness.result.SessionReadResult
com.google.android.gms.fitness.result.SessionReadResult: android.os.Parcelable$Creator CREATOR
com.google.android.gms.fitness.result.SessionStopResult
com.google.android.gms.fitness.result.SessionStopResult: android.os.Parcelable$Creator CREATOR
com.google.android.gms.fitness.result.SyncInfoResult
com.google.android.gms.fitness.result.SyncInfoResult: android.os.Parcelable$Creator CREATOR
com.google.android.gms.fitness.service.FitnessSensorServiceRequest
com.google.android.gms.fitness.service.FitnessSensorServiceRequest: android.os.Parcelable$Creator CREATOR
com.google.android.gms.flags.impl.FlagProviderImpl
com.google.android.gms.flags.impl.FlagProviderImpl: FlagProviderImpl()
com.google.android.gms.flags.impl.FlagProviderImpl: void init(com.google.android.gms.dynamic.zzd)
com.google.android.gms.flags.impl.FlagProviderImpl: boolean getBooleanFlagValue(java.lang.String,boolean,int)
com.google.android.gms.flags.impl.FlagProviderImpl: int getIntFlagValue(java.lang.String,int,int)
com.google.android.gms.flags.impl.FlagProviderImpl: long getLongFlagValue(java.lang.String,long,int)
com.google.android.gms.flags.impl.FlagProviderImpl: java.lang.String getStringFlagValue(java.lang.String,java.lang.String,int)
com.google.android.gms.games.Game
com.google.android.gms.games.Game: java.lang.String getIconImageUrl()
com.google.android.gms.games.Game: java.lang.String getHiResImageUrl()
com.google.android.gms.games.Game: java.lang.String getFeaturedImageUrl()
com.google.android.gms.games.GameEntity
com.google.android.gms.games.GameEntity: android.os.Parcelable$Creator CREATOR
com.google.android.gms.games.GameRef
com.google.android.gms.games.Player
com.google.android.gms.games.Player: java.lang.String getIconImageUrl()
com.google.android.gms.games.Player: java.lang.String getHiResImageUrl()
com.google.android.gms.games.Player: java.lang.String getBannerImageLandscapeUrl()
com.google.android.gms.games.Player: java.lang.String getBannerImagePortraitUrl()
com.google.android.gms.games.PlayerEntity
com.google.android.gms.games.PlayerEntity: android.os.Parcelable$Creator CREATOR
com.google.android.gms.games.PlayerLevel
com.google.android.gms.games.PlayerLevel: android.os.Parcelable$Creator CREATOR
com.google.android.gms.games.PlayerLevelInfo
com.google.android.gms.games.PlayerLevelInfo: android.os.Parcelable$Creator CREATOR
com.google.android.gms.games.PlayerRef