ParseStarterProject/build/outputs/mapping/release/mapping.txt
com.parse.starter.DriverLocationActivity -> com.parse.starter.DriverLocationActivity:
    com.google.android.gms.maps.GoogleMap mMap -> mMap
    android.content.Intent intent -> intent
    31:31:void <init>() -> <init>
    38:78:void acceptRequest(android.view.View) -> acceptRequest
    82:123:void onCreate(android.os.Bundle) -> onCreate
    137:141:void onMapReady(com.google.android.gms.maps.GoogleMap) -> onMapReady
    31:31:com.google.android.gms.maps.GoogleMap access$000(com.parse.starter.DriverLocationActivity) -> access$000
com.parse.starter.DriverLocationActivity$1 -> com.parse.starter.DriverLocationActivity$1:
    com.parse.starter.DriverLocationActivity this$0 -> this$0
    42:42:void <init>(com.parse.starter.DriverLocationActivity) -> <init>
    46:75:void done(java.util.List,com.parse.ParseException) -> done
    42:42:void done(java.lang.Object,java.lang.Throwable) -> done
com.parse.starter.DriverLocationActivity$1$1 -> com.parse.starter.DriverLocationActivity$1$1:
    com.parse.starter.DriverLocationActivity$1 this$1 -> this$1
    54:54:void <init>(com.parse.starter.DriverLocationActivity$1) -> <init>
    58:66:void done(com.parse.ParseException) -> done
    54:54:void done(java.lang.Throwable) -> done
com.parse.starter.DriverLocationActivity$2 -> com.parse.starter.DriverLocationActivity$2:
    com.parse.starter.DriverLocationActivity this$0 -> this$0
    96:96:void <init>(com.parse.starter.DriverLocationActivity) -> <init>
    100:121:void onGlobalLayout() -> onGlobalLayout
com.parse.starter.MainActivity -> com.parse.starter.MainActivity:
    26:26:void <init>() -> <init>
    30:42:void redirectActivity() -> redirectActivity
    46:72:void getStarted(android.view.View) -> getStarted
    76:118:void onCreate(android.os.Bundle) -> onCreate
com.parse.starter.MainActivity$1 -> com.parse.starter.MainActivity$1:
    com.parse.starter.MainActivity this$0 -> this$0
    60:60:void <init>(com.parse.starter.MainActivity) -> <init>
    64:66:void done(com.parse.ParseException) -> done
    60:60:void done(java.lang.Throwable) -> done
com.parse.starter.MainActivity$2 -> com.parse.starter.MainActivity$2:
    com.parse.starter.MainActivity this$0 -> this$0
    85:85:void <init>(com.parse.starter.MainActivity) -> <init>
    89:100:void done(com.parse.ParseUser,com.parse.ParseException) -> done
    85:85:void done(java.lang.Object,java.lang.Throwable) -> done
com.parse.starter.RiderActivity -> com.parse.starter.RiderActivity:
    com.google.android.gms.maps.GoogleMap mMap -> mMap
    android.location.LocationManager locationManager -> locationManager
    android.location.LocationListener locationListener -> locationListener
    android.widget.Button callUberButton -> callUberButton
    java.lang.Boolean requestActive -> requestActive
    android.os.Handler handler -> handler
    android.widget.TextView infoTextView -> infoTextView
    java.lang.Boolean driverActive -> driverActive
    45:61:void <init>() -> <init>
    65:200:void checkForUpdates() -> checkForUpdates
    204:210:void logout(android.view.View) -> logout
    214:292:void callUber(android.view.View) -> callUber
    296:317:void onRequestPermissionsResult(int,java.lang.String[],int[]) -> onRequestPermissionsResult
    321:331:void updateMap(android.location.Location) -> updateMap
    335:369:void onCreate(android.os.Bundle) -> onCreate
    383:440:void onMapReady(com.google.android.gms.maps.GoogleMap) -> onMapReady
    45:45:com.google.android.gms.maps.GoogleMap access$000(com.parse.starter.RiderActivity) -> access$000
com.parse.starter.RiderActivity$1 -> com.parse.starter.RiderActivity$1:
    com.parse.starter.RiderActivity this$0 -> this$0
    69:69:void <init>(com.parse.starter.RiderActivity) -> <init>
    73:196:void done(java.util.List,com.parse.ParseException) -> done
    69:69:void done(java.lang.Object,java.lang.Throwable) -> done
...
com.google.android.gms.ads.purchase.PlayStorePurchaseListener -> com.google.android.gms.ads.purchase.d:
    boolean isValidPurchase(java.lang.String) -> a
    void onInAppPurchaseFinished(com.google.android.gms.ads.purchase.InAppPurchaseResult) -> a
com.google.android.gms.ads.reward.RewardItem -> com.google.android.gms.ads.d.a:
    java.lang.String getType() -> a
    int getAmount() -> b
com.google.android.gms.ads.reward.RewardedVideoAdListener -> com.google.android.gms.ads.d.b:
    void onRewardedVideoAdLoaded() -> a
    void onRewardedVideoAdOpened() -> b
    void onRewardedVideoStarted() -> c
    void onRewardedVideoAdClosed() -> d
    void onRewarded(com.google.android.gms.ads.reward.RewardItem) -> a
    void onRewardedVideoAdLeftApplication() -> e
    void onRewardedVideoAdFailedToLoad(int) -> a
com.google.android.gms.ads.reward.mediation.MediationRewardedVideoAdAdapter -> com.google.android.gms.ads.d.a.a:
    void initialize(android.content.Context,com.google.android.gms.ads.mediation.MediationAdRequest,java.lang.String,com.google.android.gms.ads.reward.mediation.MediationRewardedVideoAdListener,android.os.Bundle,android.os.Bundle) -> initialize
    void loadAd(com.google.android.gms.ads.mediation.MediationAdRequest,android.os.Bundle,android.os.Bundle) -> loadAd
    void showVideo() -> showVideo
    boolean isInitialized() -> isInitialized
com.google.android.gms.ads.reward.mediation.MediationRewardedVideoAdListener -> com.google.android.gms.ads.d.a.b:
    void onInitializationSucceeded(com.google.android.gms.ads.reward.mediation.MediationRewardedVideoAdAdapter) -> a
    void onAdLoaded(com.google.android.gms.ads.reward.mediation.MediationRewardedVideoAdAdapter) -> b
    void onAdOpened(com.google.android.gms.ads.reward.mediation.MediationRewardedVideoAdAdapter) -> c
    void onVideoStarted(com.google.android.gms.ads.reward.mediation.MediationRewardedVideoAdAdapter) -> d
    void onAdClosed(com.google.android.gms.ads.reward.mediation.MediationRewardedVideoAdAdapter) -> e
    void onRewarded(com.google.android.gms.ads.reward.mediation.MediationRewardedVideoAdAdapter,com.google.android.gms.ads.reward.RewardItem) -> a
    void onAdFailedToLoad(com.google.android.gms.ads.reward.mediation.MediationRewardedVideoAdAdapter,int) -> a
    void onAdLeftApplication(com.google.android.gms.ads.reward.mediation.MediationRewardedVideoAdAdapter) -> f
com.google.android.gms.ads.search.SearchAdRequest -> com.google.android.gms.ads.e.a:
    java.lang.String DEVICE_ID_EMULATOR -> a
    int zzcrb -> b
    int mBackgroundColor -> c
    int zzcrc -> d
    int zzcrd -> e
    int zzcre -> f
    int zzcrf -> g
    int zzcrg -> h
    int zzcrh -> i
    java.lang.String zzcri -> j
    int zzcrj -> k
    java.lang.String zzcrk -> l
    int zzcrl -> m
    int zzcrm -> n
    java.lang.String zzanr -> o
    int getAnchorTextColor() -> a
    int getBackgroundColor() -> b
    int getBackgroundGradientBottom() -> c
    int getBackgroundGradientTop() -> d
    int getBorderColor() -> e
    int getBorderThickness() -> f
    int getBorderType() -> g
    int getCallButtonColor() -> h
    java.lang.String getCustomChannels() -> i
    int getDescriptionTextColor() -> j
    java.lang.String getFontFace() -> k
    int getHeaderTextColor() -> l
    int getHeaderTextSize() -> m
    java.lang.String getQuery() -> n
    void <clinit>() -> <clinit>