ParseStarterProject/build/outputs/mapping/release/usage.txt
com.parse.starter.BuildConfig
com.parse.starter.Manifest
com.parse.starter.Manifest$permission
com.parse.starter.R
com.parse.starter.R$anim
com.parse.starter.R$array
com.parse.starter.R$attr
com.parse.starter.R$bool
com.parse.starter.R$color
com.parse.starter.R$dimen
com.parse.starter.R$drawable
com.parse.starter.R$id
com.parse.starter.R$integer
com.parse.starter.R$layout
com.parse.starter.R$menu
com.parse.starter.R$mipmap
com.parse.starter.R$raw
com.parse.starter.R$string
com.parse.starter.R$style
com.parse.starter.R$styleable
...
android.support.v4.media.MediaMetadataCompat$BitmapKey
android.support.v4.media.MediaMetadataCompat$Builder:
    617:624:public android.support.v4.media.MediaMetadataCompat$Builder putText(java.lang.String,java.lang.CharSequence)
    705:718:public android.support.v4.media.MediaMetadataCompat$Builder putRating(java.lang.String,android.support.v4.media.RatingCompat)
android.support.v4.media.MediaMetadataCompat$LongKey
android.support.v4.media.MediaMetadataCompat$RatingKey
android.support.v4.media.MediaMetadataCompat$TextKey
android.support.v4.media.MediaMetadataCompatApi21:
    26:55:MediaMetadataCompatApi21()
    28:28:public static java.util.Set keySet(java.lang.Object)
    32:32:public static android.graphics.Bitmap getBitmap(java.lang.Object,java.lang.String)
    36:36:public static long getLong(java.lang.Object,java.lang.String)
    40:40:public static java.lang.Object getRating(java.lang.Object,java.lang.String)
    44:44:public static java.lang.CharSequence getText(java.lang.Object,java.lang.String)
android.support.v4.media.MediaMetadataCompatApi21$Builder
android.support.v4.media.ParceledListSliceAdapterApi21
android.support.v4.media.RatingCompat:
    private static final java.lang.String TAG
    public static final int RATING_NONE
    public static final int RATING_HEART
    public static final int RATING_THUMB_UP_DOWN
    public static final int RATING_3_STARS
    public static final int RATING_4_STARS
    public static final int RATING_5_STARS
    public static final int RATING_PERCENTAGE
    private static final float RATING_NOT_RATED
    241:241:public boolean isRated()
    252:252:public int getRatingStyle()
    261:264:public boolean hasHeart()
    274:277:public boolean isThumbUp()
    287:295:public float getStarRating()
    305:308:public float getPercentRating()
    364:389:public java.lang.Object getRating()
android.support.v4.media.RatingCompat$StarStyle
android.support.v4.media.RatingCompat$Style
android.support.v4.media.RatingCompatApi21:
    21:21:RatingCompatApi21()
    23:23:public static java.lang.Object newUnratedRating(int)
    27:27:public static java.lang.Object newHeartRating(boolean)
    31:31:public static java.lang.Object newThumbRating(boolean)
    35:35:public static java.lang.Object newStarRating(int,float)
    39:39:public static java.lang.Object newPercentageRating(float)
android.support.v4.media.TransportController
android.support.v4.media.TransportMediator
android.support.v4.media.TransportMediator$1
android.support.v4.media.TransportMediator$2
android.support.v4.media.TransportMediatorCallback
android.support.v4.media.TransportMediatorJellybeanMR2
android.support.v4.media.TransportMediatorJellybeanMR2$1
android.support.v4.media.TransportMediatorJellybeanMR2$2
android.support.v4.media.TransportMediatorJellybeanMR2$3
android.support.v4.media.TransportMediatorJellybeanMR2$4
android.support.v4.media.TransportMediatorJellybeanMR2$5
android.support.v4.media.TransportMediatorJellybeanMR2$6
android.support.v4.media.TransportPerformer
android.support.v4.media.TransportStateListener
android.support.v4.media.VolumeProviderCompat:
    public static final int VOLUME_CONTROL_FIXED
    public static final int VOLUME_CONTROL_RELATIVE
    public static final int VOLUME_CONTROL_ABSOLUTE
android.support.v4.media.VolumeProviderCompat$ControlType
android.support.v4.media.VolumeProviderCompatApi21:
    21:41:VolumeProviderCompatApi21()
android.support.v4.media.session.IMediaControllerCallback$Stub:
    private static final java.lang.String DESCRIPTOR
    static final int TRANSACTION_onEvent
    static final int TRANSACTION_onSessionDestroyed
    static final int TRANSACTION_onPlaybackStateChanged
    static final int TRANSACTION_onMetadataChanged
    static final int TRANSACTION_onQueueChanged
    static final int TRANSACTION_onQueueTitleChanged
    static final int TRANSACTION_onExtrasChanged
    static final int TRANSACTION_onVolumeInfoChanged
    19:21:public IMediaControllerCallback$Stub()